<?xml version="1.0" encoding="UTF-8"?>
<!-- Generated by org.testng.reporters.JUnitXMLReporter -->
<testsuite ignored="0" hostname="DESKTOP-OEB471V" failures="0" tests="1" name="Test-01" time="13.039" errors="0" timestamp="2024-05-10T15:18:40 IST">
  <testcase classname="Login.FBlogin$FacebookLogin" name="loginToFB" time="8.409"/>
</testsuite> <!-- Test-01 -->
