<?xml version="1.0" encoding="UTF-8"?>
<!-- Generated by org.testng.reporters.JUnitXMLReporter -->
<testsuite ignored="0" hostname="DESKTOP-TL6E7AH" failures="0" tests="1" name="Test-01" time="92.426" errors="0" timestamp="2024-05-10T15:59:28 IST">
  <testcase classname="Login.FBlogin$FacebookLogin" name="loginToFB" time="16.63"/>
</testsuite> <!-- Test-01 -->
