<?xml version="1.0" encoding="UTF-8"?>
<!-- Generated by org.testng.reporters.JUnitReportReporter -->
<testsuite hostname="DESKTOP-OEB471V" failures="0" tests="1" name="Login.FacebookLogin" time="4.105" errors="0" timestamp="2024-05-10T15:18:40 IST" skipped="0">
  <testcase classname="Login.FacebookLogin" name="loginToFB" time="4.105"/>
</testsuite> <!-- Login.FacebookLogin -->
