<?xml version="1.0" encoding="UTF-8"?>
<!-- Generated by org.testng.reporters.JUnitReportReporter -->
<testsuite hostname="DESKTOP-TL6E7AH" failures="0" tests="1" name="Login.FBlogin$FacebookLogin" time="16.630" errors="0" timestamp="2024-05-10T15:59:29 IST" skipped="0">
  <testcase classname="Login.FBlogin$FacebookLogin" name="loginToFB" time="16.630"/>
</testsuite> <!-- Login.FBlogin$FacebookLogin -->
