<?xml version="1.0" encoding="UTF-8"?>
<!-- Generated by org.testng.reporters.JUnitReportReporter -->
<testsuite hostname="DESKTOP-TL6E7AH" failures="0" tests="1" name="Login.FacebookLogin" time="21.150" errors="0" timestamp="2024-05-10T15:59:29 IST" skipped="0">
  <testcase classname="Login.FacebookLogin" name="loginToFB" time="21.150"/>
</testsuite> <!-- Login.FacebookLogin -->
